<?xml version="1.0" encoding="UTF-8"?>
<!-- Generated by org.testng.reporters.JUnitReportReporter -->
<testsuite hostname="RABIUL" failures="0" tests="1" name="herokuapp.CreateBooking" time="3.462" errors="0" timestamp="2024-05-28T08:23:31 IST" skipped="0">
  <testcase classname="herokuapp.CreateBooking" name="createbookingTest" time="3.462">
    <system-out>
      <![CDATA[Get resposne code:200
firstname:rabiul
firstname:uzzaman]]>
    </system-out>
  </testcase> <!-- createbookingTest -->
  <system-out>
    <![CDATA[Get resposne code:200
firstname:rabiul
firstname:uzzaman]]>
  </system-out>
</testsuite> <!-- herokuapp.CreateBooking -->
