<?xml version="1.0" encoding="UTF-8"?>
<!-- Generated by org.testng.reporters.JUnitReportReporter -->
<testsuite hostname="RABIUL" failures="0" tests="1" name="herokuapp.GetBookingIds" time="4.121" errors="0" timestamp="2024-05-23T09:02:17 IST" skipped="0">
  <testcase classname="herokuapp.GetBookingIds" name="getallbookingIds" time="4.121">
    <system-out>
      <![CDATA[Get resposne suucessfully:
 Stactucvalidation succssfull
 empty lits checking succssfully  succssfull]]>
    </system-out>
  </testcase> <!-- getallbookingIds -->
  <system-out>
    <![CDATA[Get resposne suucessfully:
 Stactucvalidation succssfull
 empty lits checking succssfully  succssfull]]>
  </system-out>
</testsuite> <!-- herokuapp.GetBookingIds -->
