<?xml version="1.0" encoding="UTF-8"?>
<!-- Generated by org.testng.reporters.JUnitReportReporter -->
<testsuite hostname="RABIUL" failures="0" tests="1" name="herokuapp.updateBooking" time="4.562" errors="0" timestamp="2024-05-24T21:47:59 IST" skipped="0">
  <testcase classname="herokuapp.updateBooking" name="updatebookingTest" time="4.562">
    <system-out>
      <![CDATA[Get resposne code:200
Get resposne code:200
firstname:rabiul1
firstname:uzzaman1]]>
    </system-out>
  </testcase> <!-- updatebookingTest -->
  <system-out>
    <![CDATA[Get resposne code:200
Get resposne code:200
firstname:rabiul1
firstname:uzzaman1]]>
  </system-out>
</testsuite> <!-- herokuapp.updateBooking -->
