<?xml version="1.0" encoding="UTF-8"?>
<!-- Generated by org.testng.reporters.JUnitReportReporter -->
<testsuite hostname="RABIUL" failures="0" tests="1" name="herokuapp.healthCheckTest" time="4.198" errors="0" timestamp="2024-05-25T13:31:39 IST" skipped="0">
  <testcase classname="herokuapp.healthCheckTest" name="HealthCheckTest" time="4.198">
    <system-out>
      <![CDATA[Ping Response sucessfully: HTTP/1.1 201 Created

  Stactucvalidation succssfull]]>
    </system-out>
  </testcase> <!-- HealthCheckTest -->
  <system-out>
    <![CDATA[Ping Response sucessfully: HTTP/1.1 201 Created

  Stactucvalidation succssfull]]>
  </system-out>
</testsuite> <!-- herokuapp.healthCheckTest -->
