<?xml version="1.0" encoding="UTF-8"?>
<!-- Generated by org.testng.reporters.JUnitReportReporter -->
<testsuite hostname="RABIUL" failures="0" tests="1" name="herokuapp.partialUpdateBooking" time="4.492" errors="0" timestamp="2024-05-24T22:02:11 IST" skipped="0">
  <testcase classname="herokuapp.partialUpdateBooking" name="updatebookingTest" time="4.492">
    <system-out>
      <![CDATA[Get resposne code:200
Get resposne code:200
firstname:rabiul2
firstname:uzzaman]]>
    </system-out>
  </testcase> <!-- updatebookingTest -->
  <system-out>
    <![CDATA[Get resposne code:200
Get resposne code:200
firstname:rabiul2
firstname:uzzaman]]>
  </system-out>
</testsuite> <!-- herokuapp.partialUpdateBooking -->
