<?xml version="1.0" encoding="UTF-8"?>
<!-- Generated by org.testng.reporters.JUnitReportReporter -->
<testsuite hostname="RABIUL" failures="0" tests="1" name="herokuapp.getSpecificIdDetails" time="3.799" errors="0" timestamp="2024-05-23T09:20:44 IST" skipped="0">
  <testcase classname="herokuapp.getSpecificIdDetails" name="getspecificIddetails" time="3.799">
    <system-out>
      <![CDATA[Get resposne suucessfully:
Get resposne code:200
firstname:Josh
firstname:Allen]]>
    </system-out>
  </testcase> <!-- getspecificIddetails -->
  <system-out>
    <![CDATA[Get resposne suucessfully:
Get resposne code:200
firstname:Josh
firstname:Allen]]>
  </system-out>
</testsuite> <!-- herokuapp.getSpecificIdDetails -->
