<?xml version="1.0" encoding="UTF-8"?>
<!-- Generated by org.testng.reporters.JUnitReportReporter -->
<testsuite hostname="RABIUL" failures="0" tests="1" name="herokuapp.getSpecificIdDetails" time="4.461" errors="0" timestamp="2024-05-27T09:42:32 IST" skipped="0">
  <testcase classname="herokuapp.getSpecificIdDetails" name="getspecificIddetails" time="4.461">
    <system-out>
      <![CDATA[Get resposne suucessfully:
Get resposne code:200
firstname:rabiul
firstname:uzzaman]]>
    </system-out>
  </testcase> <!-- getspecificIddetails -->
  <system-out>
    <![CDATA[Get resposne suucessfully:
Get resposne code:200
firstname:rabiul
firstname:uzzaman]]>
  </system-out>
</testsuite> <!-- herokuapp.getSpecificIdDetails -->
