<?xml version="1.0" encoding="UTF-8"?>
<!-- Generated by org.testng.reporters.JUnitReportReporter -->
<testsuite hostname="RABIUL" failures="0" tests="3" name="RabiulUzzaman1.restassuredone.restAssuredTest" time="3.685" errors="0" timestamp="2024-04-17T13:26:56 IST" skipped="0">
  <testcase classname="RabiulUzzaman1.restassuredone.restAssuredTest" name="getUser" time="0.460"/>
  <testcase classname="RabiulUzzaman1.restassuredone.restAssuredTest" name="createUser" time="2.733"/>
  <testcase classname="RabiulUzzaman1.restassuredone.restAssuredTest" name="listUsers" time="0.492"/>
</testsuite> <!-- RabiulUzzaman1.restassuredone.restAssuredTest -->
