<?xml version="1.0" encoding="UTF-8"?>
<!-- Generated by org.testng.reporters.JUnitReportReporter -->
<testsuite hostname="RABIUL" failures="0" tests="1" name="herokuapp.exampleOfQueryParam" time="3.611" errors="0" timestamp="2024-05-25T21:01:24 IST" skipped="0">
  <testcase classname="herokuapp.exampleOfQueryParam" name="exampleOfQueryParamTest" time="3.611">
    <system-out>
      <![CDATA[ status code validation is  succssfull
 booking id is :4
 empty lits checking succssfully  succssfull]]>
    </system-out>
  </testcase> <!-- exampleOfQueryParamTest -->
  <system-out>
    <![CDATA[ status code validation is  succssfull
 booking id is :4
 empty lits checking succssfully  succssfull]]>
  </system-out>
</testsuite> <!-- herokuapp.exampleOfQueryParam -->
