<?xml version="1.0" encoding="UTF-8"?>
<!-- Generated by org.testng.reporters.JUnitReportReporter -->
<testsuite hostname="RABIUL" failures="0" tests="1" name="herokuapp.healthCheckTestBBD" time="4.053" errors="0" timestamp="2024-05-25T18:05:47 IST" skipped="0">
  <testcase classname="herokuapp.healthCheckTestBBD" name="HealthCheckTestBBD" time="4.053">
    <system-out>
      <![CDATA[ Health check Status  validation succssfull]]>
    </system-out>
  </testcase> <!-- HealthCheckTestBBD -->
  <system-out>
    <![CDATA[ Health check Status  validation succssfull]]>
  </system-out>
</testsuite> <!-- herokuapp.healthCheckTestBBD -->
