<?xml version="1.0" encoding="UTF-8"?>
<!-- Generated by org.testng.reporters.JUnitReportReporter -->
<testsuite hostname="RABIUL" failures="0" tests="1" name="herokuapp.deleteBookingId" time="6.040" errors="0" timestamp="2024-05-24T23:09:34 IST" skipped="0">
  <testcase classname="herokuapp.deleteBookingId" name="deleteBookingIdTest" time="6.040">
    <system-out>
      <![CDATA[Get resposne code:200
Delete  resposne code:io.restassured.internal.RestAssuredResponseImpl@2921199d
statusline:HTTP/1.1 201 Created]]>
    </system-out>
  </testcase> <!-- deleteBookingIdTest -->
  <system-out>
    <![CDATA[Get resposne code:200
Delete  resposne code:io.restassured.internal.RestAssuredResponseImpl@2921199d
statusline:HTTP/1.1 201 Created]]>
  </system-out>
</testsuite> <!-- herokuapp.deleteBookingId -->
