<?xml version="1.0" encoding="UTF-8"?>
<!-- Generated by org.testng.reporters.JUnitReportReporter -->
<testsuite hostname="RABIUL" failures="0" tests="1" name="herokuapp.CreateBookingWithPogo" time="3.931" errors="0" timestamp="2024-05-28T09:44:05 IST" skipped="0">
  <testcase classname="herokuapp.CreateBookingWithPogo" name="createBookingWithPOJOTest" time="3.931"/>
</testsuite> <!-- herokuapp.CreateBookingWithPogo -->
