<?xml version="1.0" encoding="UTF-8"?>
<!-- Generated by org.testng.reporters.JUnitReportReporter -->
<testsuite hostname="RABIUL" failures="0" tests="1" name="herokuapp.CreateBookingWithPogo2" time="3.003" errors="0" timestamp="2024-05-27T20:59:09 IST" skipped="0">
  <testcase classname="herokuapp.CreateBookingWithPogo2" name="createBookingWithPOJOTest2" time="3.003"/>
</testsuite> <!-- herokuapp.CreateBookingWithPogo2 -->
