<?xml version="1.0" encoding="UTF-8"?>
<!-- Generated by org.testng.reporters.JUnitReportReporter -->
<testsuite hostname="RABIUL" failures="0" tests="3" name="RabiulUzzaman1.restassuredone.restAssuredTest" time="4.665" errors="0" timestamp="2024-04-17T15:33:29 IST" skipped="0">
  <testcase classname="RabiulUzzaman1.restassuredone.restAssuredTest" name="getUser" time="0.646"/>
  <testcase classname="RabiulUzzaman1.restassuredone.restAssuredTest" name="createUser" time="3.204"/>
  <testcase classname="RabiulUzzaman1.restassuredone.restAssuredTest" name="listUsers" time="0.815"/>
</testsuite> <!-- RabiulUzzaman1.restassuredone.restAssuredTest -->
