<?xml version="1.0" encoding="UTF-8"?>
<!-- Generated by org.testng.reporters.JUnitReportReporter -->
<testsuite hostname="RABIUL" failures="0" tests="1" name="herokuapp.headerAndCookiesTest" time="3.386" errors="0" timestamp="2024-05-25T23:21:52 IST" skipped="0">
  <testcase classname="herokuapp.headerAndCookiesTest" name="headerAndCookies" time="3.386">
    <system-out>
      <![CDATA[Response: 
Response: HTTP/1.1 400 Bad Request
Headers: Connection=close
Server=Cowboy
Date=Sat, 25 May 2024 17:51:51 GMT
Content-Length=0
Server:Cowboy
Server header2: Server=Cowboy
Server Headers: Cowboy
Cookies: ]]>
    </system-out>
  </testcase> <!-- headerAndCookies -->
  <system-out>
    <![CDATA[Response: 
Response: HTTP/1.1 400 Bad Request
Headers: Connection=close
Server=Cowboy
Date=Sat, 25 May 2024 17:51:51 GMT
Content-Length=0
Server:Cowboy
Server header2: Server=Cowboy
Server Headers: Cowboy
Cookies: ]]>
  </system-out>
</testsuite> <!-- herokuapp.headerAndCookiesTest -->
