<?xml version="1.0" encoding="UTF-8"?>
<!-- Generated by org.testng.reporters.JUnitReportReporter -->
<testsuite hostname="RABIUL" failures="0" tests="3" name="parallelExecution.parallelExecutionselenium" time="25.146" errors="0" timestamp="2024-05-04T20:48:03 IST" skipped="0">
  <testcase classname="parallelExecution.parallelExecutionselenium" name="Test3" time="12.214"/>
  <testcase classname="parallelExecution.parallelExecutionselenium" name="Test1" time="4.449"/>
  <testcase classname="parallelExecution.parallelExecutionselenium" name="Test2" time="8.483"/>
</testsuite> <!-- parallelExecution.parallelExecutionselenium -->
