<?xml version="1.0" encoding="UTF-8"?>
<!-- Generated by org.testng.reporters.JUnitReportReporter -->
<testsuite hostname="RABIUL" failures="0" tests="1" name="RabiulUzzaman1.restassuredone.basicAuth" time="1.838" errors="0" timestamp="2024-04-20T23:30:24 IST" skipped="0">
  <testcase classname="RabiulUzzaman1.restassuredone.basicAuth" name="authTest" time="1.838"/>
</testsuite> <!-- RabiulUzzaman1.restassuredone.basicAuth -->
