<?xml version="1.0" encoding="UTF-8"?>
<!-- Generated by org.testng.reporters.JUnitReportReporter -->
<testsuite hostname="RABIUL" failures="0" tests="1" name="herokuapp.GetBookingIdsXMLTest" time="7.591" errors="0" timestamp="2024-05-27T09:41:57 IST" skipped="0">
  <testcase classname="herokuapp.GetBookingIdsXMLTest" name="getallbookingIdsXMLTEST" time="7.591">
    <system-out>
      <![CDATA[Get resposne code:200
firstname:rabiul
firstname:uzzaman]]>
    </system-out>
  </testcase> <!-- getallbookingIdsXMLTEST -->
  <system-out>
    <![CDATA[Get resposne code:200
firstname:rabiul
firstname:uzzaman]]>
  </system-out>
</testsuite> <!-- herokuapp.GetBookingIdsXMLTest -->
