<?xml version="1.0" encoding="UTF-8"?>
<!-- Generated by org.testng.reporters.JUnitReportReporter -->
<testsuite hostname="RABIUL" failures="0" tests="1" name="herokuapp.deleteBookingId" time="7.456" errors="0" timestamp="2024-05-25T18:07:31 IST" skipped="0">
  <testcase classname="herokuapp.deleteBookingId" name="deleteBookingIdTest" time="7.456">
    <system-out>
      <![CDATA[Get resposne code:200
Delete  resposne code:io.restassured.internal.RestAssuredResponseImpl@18d11527
statusline:HTTP/1.1 201 Created
Get resposne suucessfully:
getStatusCode :404
getStatusLine :HTTP/1.1 404 Not Found]]>
    </system-out>
  </testcase> <!-- deleteBookingIdTest -->
  <system-out>
    <![CDATA[Get resposne code:200
Delete  resposne code:io.restassured.internal.RestAssuredResponseImpl@18d11527
statusline:HTTP/1.1 201 Created
Get resposne suucessfully:
getStatusCode :404
getStatusLine :HTTP/1.1 404 Not Found]]>
  </system-out>
</testsuite> <!-- herokuapp.deleteBookingId -->
